<?xml version="1.0" encoding="UTF-8"?>
<!-- Generated by org.testng.reporters.JUnitXMLReporter -->
<testsuite ignored="0" hostname="DESKTOP-5ABJA3H" failures="0" tests="4" name="Default test" time="18.834" errors="0" timestamp="2023-03-27T21:13:49 EET">
  <testcase classname="tests.Oman_Packages_Prices_Currency" name="UserCanChangeCountriesAndCurrency" time="5.665"/>
  <testcase classname="tests.Oman_Packages_Prices_Currency" name="Verify_Lite_Package_for_Oman" time="5.682"/>
  <testcase classname="tests.Oman_Packages_Prices_Currency" name="Verify_Classic_Package_for_Oman" time="5.319"/>
  <testcase classname="tests.Oman_Packages_Prices_Currency" name="Verify_Premium_Package_for_Oman" time="2.144"/>
</testsuite> <!-- Default test -->
